<?xml version="1.0" encoding="UTF-8" ?>
<testsuite tests="7" failures="2" name="mt.test.MicroServerTest" time="5.127" errors="0" skipped="0">
  <properties>
[...]
</properties>
  <testcase classname="mt.test.MicroServerTest" name="testMicroServer" time="0.042"/>
  <testcase classname="mt.test.MicroServerTest" name="testStart" time="3.64">
    <failure message="
Argument(s) are different! Wanted:
serverComm.sendOrder(
    &quot;userB&quot;,
    sell MSFT, 5 units at 20.0 EUR/unit (nickname: userA, serverID: 0)
);
-&gt; at mt.test.MicroServerTest.testStart(MicroServerTest.java:130)
Actual invocation has different arguments:
serverComm.sendOrder(
    &quot;userA&quot;,
    sell MSFT, 10 units at 20.0 EUR/unit (nickname: userA, serverID: 1)
);
-&gt; at mt.server.MicroServer.notifyAllClients(MicroServer.java:502)
" type="Argument(s) are different! Wanted">Argument(s) are different! Wanted:
serverComm.sendOrder(
    &quot;userB&quot;,
    sell MSFT, 5 units at 20.0 EUR/unit (nickname: userA, serverID: 0)
);
-&gt; at mt.test.MicroServerTest.testStart(MicroServerTest.java:130)
Actual invocation has different arguments:
serverComm.sendOrder(
    &quot;userA&quot;,
    sell MSFT, 10 units at 20.0 EUR/unit (nickname: userA, serverID: 1)
);
-&gt; at mt.server.MicroServer.notifyAllClients(MicroServer.java:502)

	at sun.reflect.NativeConstructorAccessorImpl.newInstance0(Native Method)
	at sun.reflect.NativeConstructorAccessorImpl.newInstance(NativeConstructorAccessorImpl.java:62)
	at sun.reflect.DelegatingConstructorAccessorImpl.newInstance(DelegatingConstructorAccessorImpl.java:45)
	at java.lang.reflect.Constructor.newInstance(Constructor.java:422)
	at mt.test.MicroServerTest.testStart(MicroServerTest.java:130)
	at sun.reflect.NativeMethodAccessorImpl.invoke0(Native Method)
	at sun.reflect.NativeMethodAccessorImpl.invoke(NativeMethodAccessorImpl.java:62)
	at sun.reflect.DelegatingMethodAccessorImpl.invoke(DelegatingMethodAccessorImpl.java:43)
	at java.lang.reflect.Method.invoke(Method.java:497)
	at org.junit.runners.model.FrameworkMethod$1.runReflectiveCall(FrameworkMethod.java:50)
	at org.junit.internal.runners.model.ReflectiveCallable.run(ReflectiveCallable.java:12)
	at org.junit.runners.model.FrameworkMethod.invokeExplosively(FrameworkMethod.java:47)
	at org.junit.internal.runners.statements.InvokeMethod.evaluate(InvokeMethod.java:17)
	at org.junit.internal.runners.statements.RunBefores.evaluate(RunBefores.java:26)
	at org.junit.internal.runners.statements.RunAfters.evaluate(RunAfters.java:27)
	at org.junit.runners.ParentRunner.runLeaf(ParentRunner.java:325)
	at org.junit.runners.BlockJUnit4ClassRunner.runChild(BlockJUnit4ClassRunner.java:78)
	at org.junit.runners.BlockJUnit4ClassRunner.runChild(BlockJUnit4ClassRunner.java:57)
	at org.junit.runners.ParentRunner$3.run(ParentRunner.java:290)
	at org.junit.runners.ParentRunner$1.schedule(ParentRunner.java:71)
	at org.junit.runners.ParentRunner.runChildren(ParentRunner.java:288)
	at org.junit.runners.ParentRunner.access$000(ParentRunner.java:58)
	at org.junit.runners.ParentRunner$2.evaluate(ParentRunner.java:268)
	at org.junit.runners.ParentRunner.run(ParentRunner.java:363)
	at org.mockito.internal.runners.JUnit45AndHigherRunnerImpl.run(JUnit45AndHigherRunnerImpl.java:37)
	at org.mockito.runners.MockitoJUnitRunner.run(MockitoJUnitRunner.java:62)
	at org.apache.maven.surefire.junit4.JUnit4Provider.execute(JUnit4Provider.java:252)
	at org.apache.maven.surefire.junit4.JUnit4Provider.executeTestSet(JUnit4Provider.java:141)
	at org.apache.maven.surefire.junit4.JUnit4Provider.invoke(JUnit4Provider.java:112)
	at sun.reflect.NativeMethodAccessorImpl.invoke0(Native Method)
	at sun.reflect.NativeMethodAccessorImpl.invoke(NativeMethodAccessorImpl.java:62)
	at sun.reflect.DelegatingMethodAccessorImpl.invoke(DelegatingMethodAccessorImpl.java:43)
	at java.lang.reflect.Method.invoke(Method.java:497)
	at org.apache.maven.surefire.util.ReflectionUtils.invokeMethodWithArray(ReflectionUtils.java:189)
	at org.apache.maven.surefire.booter.ProviderFactory$ProviderProxy.invoke(ProviderFactory.java:165)
	at org.apache.maven.surefire.booter.ProviderFactory.invokeProvider(ProviderFactory.java:85)
	at org.apache.maven.surefire.booter.ForkedBooter.runSuitesInProcess(ForkedBooter.java:115)
	at org.apache.maven.surefire.booter.ForkedBooter.main(ForkedBooter.java:75)
</failure>
    <system-out>----- Navigate the tree nodes -----
Order Id:1 Type:Buy Stock:Tshirt Units:22 Price:22.0
Order Id:1 Type:Sell Stock:MSFT Units:10 Price:20.0
Order Id:2 Type:Buy Stock:ISCTE Units:15 Price:21.0
Order Id:3 Type:Sell Stock:ISCTE Units:0 Price:20.0
Order Id:4 Type:Sell Stock:MSFT Units:10 Price:20.0
Save XML document.
</system-out>
    <system-err>mai 19, 2017 5:37:13 PM mt.server.MicroServer &lt;init&gt;
INFO: Creating the server...
mai 19, 2017 5:37:13 PM mt.server.MicroServer start
INFO: Starting Server...
mai 19, 2017 5:37:13 PM mt.server.MicroServer processUserConnected
INFO: Connecting client userA...
mai 19, 2017 5:37:13 PM mt.server.MicroServer notifyAllClients
INFO: Notifying clients about the new order...
mai 19, 2017 5:37:13 PM mt.server.MicroServer processNewOrder
INFO: Processing new order...
mai 19, 2017 5:37:13 PM mt.server.MicroServer saveOrder
INFO: Storing the new order...
mai 19, 2017 5:37:13 PM mt.server.MicroServer processSell
INFO: Processing sell order...
mai 19, 2017 5:37:13 PM mt.server.MicroServer notifyClientsOfChangedOrders
INFO: Notifying client about the changed order...
mai 19, 2017 5:37:13 PM mt.server.MicroServer removeFulfilledOrders
INFO: Removing fulfilled orders...
mai 19, 2017 5:37:13 PM mt.server.MicroServer processUserConnected
INFO: Connecting client userB...
mai 19, 2017 5:37:17 PM mt.server.MicroServer processUserDisconnected
INFO: Disconnecting client userA...
mai 19, 2017 5:37:17 PM mt.server.MicroServer processUserDisconnected
INFO: Disconnecting client userB...
mai 19, 2017 5:37:17 PM mt.server.MicroServer start
INFO: Shutting Down Server...
</system-err>
  </testcase>
  <testcase classname="mt.test.MicroServerTest" name="testUserAlreadyConnected" time="0.007"/>
  <testcase classname="mt.test.MicroServerTest" name="testStartProcessSellOrder" time="0.033"/>
  <testcase classname="mt.test.MicroServerTest" name="testStart2" time="0.006"/>
  <testcase classname="mt.test.MicroServerTest" name="testStart3" time="0.004"/>
  <testcase classname="mt.test.MicroServerTest" name="testStartProcessBuyOrder" time="1.395">
    <failure message="
Argument(s) are different! Wanted:
serverComm.sendOrder(
    &quot;userA&quot;,
    sell MSFT, 5 units at 20.0 EUR/unit (nickname: userA, serverID: 0)
);
-&gt; at mt.test.MicroServerTest.testStartProcessBuyOrder(MicroServerTest.java:175)
Actual invocation has different arguments:
serverComm.sendOrder(
    &quot;userA&quot;,
    sell MSFT, 10 units at 20.0 EUR/unit (nickname: userA, serverID: 4)
);
-&gt; at mt.server.MicroServer.notifyAllClients(MicroServer.java:502)
" type="Argument(s) are different! Wanted">Argument(s) are different! Wanted:
serverComm.sendOrder(
    &quot;userA&quot;,
    sell MSFT, 5 units at 20.0 EUR/unit (nickname: userA, serverID: 0)
);
-&gt; at mt.test.MicroServerTest.testStartProcessBuyOrder(MicroServerTest.java:175)
Actual invocation has different arguments:
serverComm.sendOrder(
    &quot;userA&quot;,
    sell MSFT, 10 units at 20.0 EUR/unit (nickname: userA, serverID: 4)
);
-&gt; at mt.server.MicroServer.notifyAllClients(MicroServer.java:502)

	at sun.reflect.NativeConstructorAccessorImpl.newInstance0(Native Method)
	at sun.reflect.NativeConstructorAccessorImpl.newInstance(NativeConstructorAccessorImpl.java:62)
	at sun.reflect.DelegatingConstructorAccessorImpl.newInstance(DelegatingConstructorAccessorImpl.java:45)
	at java.lang.reflect.Constructor.newInstance(Constructor.java:422)
	at mt.test.MicroServerTest.testStartProcessBuyOrder(MicroServerTest.java:175)
	at sun.reflect.NativeMethodAccessorImpl.invoke0(Native Method)
	at sun.reflect.NativeMethodAccessorImpl.invoke(NativeMethodAccessorImpl.java:62)
	at sun.reflect.DelegatingMethodAccessorImpl.invoke(DelegatingMethodAccessorImpl.java:43)
	at java.lang.reflect.Method.invoke(Method.java:497)
	at org.junit.runners.model.FrameworkMethod$1.runReflectiveCall(FrameworkMethod.java:50)
	at org.junit.internal.runners.model.ReflectiveCallable.run(ReflectiveCallable.java:12)
	at org.junit.runners.model.FrameworkMethod.invokeExplosively(FrameworkMethod.java:47)
	at org.junit.internal.runners.statements.InvokeMethod.evaluate(InvokeMethod.java:17)
	at org.junit.internal.runners.statements.RunBefores.evaluate(RunBefores.java:26)
	at org.junit.internal.runners.statements.RunAfters.evaluate(RunAfters.java:27)
	at org.junit.runners.ParentRunner.runLeaf(ParentRunner.java:325)
	at org.junit.runners.BlockJUnit4ClassRunner.runChild(BlockJUnit4ClassRunner.java:78)
	at org.junit.runners.BlockJUnit4ClassRunner.runChild(BlockJUnit4ClassRunner.java:57)
	at org.junit.runners.ParentRunner$3.run(ParentRunner.java:290)
	at org.junit.runners.ParentRunner$1.schedule(ParentRunner.java:71)
	at org.junit.runners.ParentRunner.runChildren(ParentRunner.java:288)
	at org.junit.runners.ParentRunner.access$000(ParentRunner.java:58)
	at org.junit.runners.ParentRunner$2.evaluate(ParentRunner.java:268)
	at org.junit.runners.ParentRunner.run(ParentRunner.java:363)
	at org.mockito.internal.runners.JUnit45AndHigherRunnerImpl.run(JUnit45AndHigherRunnerImpl.java:37)
	at org.mockito.runners.MockitoJUnitRunner.run(MockitoJUnitRunner.java:62)
	at org.apache.maven.surefire.junit4.JUnit4Provider.execute(JUnit4Provider.java:252)
	at org.apache.maven.surefire.junit4.JUnit4Provider.executeTestSet(JUnit4Provider.java:141)
	at org.apache.maven.surefire.junit4.JUnit4Provider.invoke(JUnit4Provider.java:112)
	at sun.reflect.NativeMethodAccessorImpl.invoke0(Native Method)
	at sun.reflect.NativeMethodAccessorImpl.invoke(NativeMethodAccessorImpl.java:62)
	at sun.reflect.DelegatingMethodAccessorImpl.invoke(DelegatingMethodAccessorImpl.java:43)
	at java.lang.reflect.Method.invoke(Method.java:497)
	at org.apache.maven.surefire.util.ReflectionUtils.invokeMethodWithArray(ReflectionUtils.java:189)
	at org.apache.maven.surefire.booter.ProviderFactory$ProviderProxy.invoke(ProviderFactory.java:165)
	at org.apache.maven.surefire.booter.ProviderFactory.invokeProvider(ProviderFactory.java:85)
	at org.apache.maven.surefire.booter.ForkedBooter.runSuitesInProcess(ForkedBooter.java:115)
	at org.apache.maven.surefire.booter.ForkedBooter.main(ForkedBooter.java:75)
</failure>
    <system-out>----- Navigate the tree nodes -----
Order Id:1 Type:Buy Stock:Tshirt Units:22 Price:22.0
Order Id:1 Type:Sell Stock:MSFT Units:10 Price:20.0
Order Id:2 Type:Buy Stock:ISCTE Units:15 Price:21.0
Order Id:3 Type:Sell Stock:ISCTE Units:0 Price:20.0
Order Id:4 Type:Sell Stock:MSFT Units:10 Price:20.0
Order Id:1 Type:Sell Stock:MSFT Units:10 Price:20.0
Order Id:2 Type:Buy Stock:ISCTE Units:15 Price:21.0
Order Id:3 Type:Sell Stock:ISCTE Units:0 Price:20.0
Save XML document.
</system-out>
    <system-err>mai 19, 2017 5:37:17 PM mt.server.MicroServer &lt;init&gt;
INFO: Creating the server...
mai 19, 2017 5:37:17 PM mt.server.MicroServer start
INFO: Starting Server...
mai 19, 2017 5:37:17 PM mt.server.MicroServer processUserConnected
INFO: Connecting client userA...
mai 19, 2017 5:37:17 PM mt.server.MicroServer notifyAllClients
INFO: Notifying clients about the new order...
mai 19, 2017 5:37:17 PM mt.server.MicroServer processNewOrder
INFO: Processing new order...
mai 19, 2017 5:37:17 PM mt.server.MicroServer saveOrder
INFO: Storing the new order...
mai 19, 2017 5:37:17 PM mt.server.MicroServer processSell
INFO: Processing sell order...
mai 19, 2017 5:37:17 PM mt.server.MicroServer notifyClientsOfChangedOrders
INFO: Notifying client about the changed order...
mai 19, 2017 5:37:17 PM mt.server.MicroServer removeFulfilledOrders
INFO: Removing fulfilled orders...
mai 19, 2017 5:37:17 PM mt.server.MicroServer processUserConnected
INFO: Connecting client userB...
mai 19, 2017 5:37:18 PM mt.server.MicroServer processUserDisconnected
INFO: Disconnecting client userA...
mai 19, 2017 5:37:18 PM mt.server.MicroServer processUserDisconnected
INFO: Disconnecting client userB...
mai 19, 2017 5:37:18 PM mt.server.MicroServer start
INFO: Shutting Down Server...
</system-err>
  </testcase>
</testsuite>